This is pdfTeX, Version 3.14159265-2.6-1.40.20 (TeX Live 2019/Debian) (preloaded format=pdflatex 2020.5.12)  9 JUL 2020 11:07
entering extended mode
 restricted \write18 enabled.
 %&-line parsing enabled.
**doc.tex
(./doc.tex
LaTeX2e <2018-12-01>
(./thesiskiv.cls
Document Class: thesiskiv 2016/03/14 Thesis at DCSE (KIV)
(/usr/share/texlive/texmf-dist/tex/latex/base/report.cls
Document Class: report 2018/09/03 v1.4i Standard LaTeX document class
(/usr/share/texlive/texmf-dist/tex/latex/base/size12.clo
File: size12.clo 2018/09/03 v1.4i Standard LaTeX file (size option)
)
\c@part=\count80
\c@chapter=\count81
\c@section=\count82
\c@subsection=\count83
\c@subsubsection=\count84
\c@paragraph=\count85
\c@subparagraph=\count86
\c@figure=\count87
\c@table=\count88
\abovecaptionskip=\skip41
\belowcaptionskip=\skip42
\bibindent=\dimen102
)
(/usr/share/texmf/tex/latex/lm/lmodern.sty
Package: lmodern 2009/10/30 v1.6 Latin Modern Fonts
LaTeX Font Info:    Overwriting symbol font `operators' in version `normal'
(Font)                  OT1/cmr/m/n --> OT1/lmr/m/n on input line 22.
LaTeX Font Info:    Overwriting symbol font `letters' in version `normal'
(Font)                  OML/cmm/m/it --> OML/lmm/m/it on input line 23.
LaTeX Font Info:    Overwriting symbol font `symbols' in version `normal'
(Font)                  OMS/cmsy/m/n --> OMS/lmsy/m/n on input line 24.
LaTeX Font Info:    Overwriting symbol font `largesymbols' in version `normal'
(Font)                  OMX/cmex/m/n --> OMX/lmex/m/n on input line 25.
LaTeX Font Info:    Overwriting symbol font `operators' in version `bold'
(Font)                  OT1/cmr/bx/n --> OT1/lmr/bx/n on input line 26.
LaTeX Font Info:    Overwriting symbol font `letters' in version `bold'
(Font)                  OML/cmm/b/it --> OML/lmm/b/it on input line 27.
LaTeX Font Info:    Overwriting symbol font `symbols' in version `bold'
(Font)                  OMS/cmsy/b/n --> OMS/lmsy/b/n on input line 28.
LaTeX Font Info:    Overwriting symbol font `largesymbols' in version `bold'
(Font)                  OMX/cmex/m/n --> OMX/lmex/m/n on input line 29.
LaTeX Font Info:    Overwriting math alphabet `\mathbf' in version `normal'
(Font)                  OT1/cmr/bx/n --> OT1/lmr/bx/n on input line 31.
LaTeX Font Info:    Overwriting math alphabet `\mathsf' in version `normal'
(Font)                  OT1/cmss/m/n --> OT1/lmss/m/n on input line 32.
LaTeX Font Info:    Overwriting math alphabet `\mathit' in version `normal'
(Font)                  OT1/cmr/m/it --> OT1/lmr/m/it on input line 33.
LaTeX Font Info:    Overwriting math alphabet `\mathtt' in version `normal'
(Font)                  OT1/cmtt/m/n --> OT1/lmtt/m/n on input line 34.
LaTeX Font Info:    Overwriting math alphabet `\mathbf' in version `bold'
(Font)                  OT1/cmr/bx/n --> OT1/lmr/bx/n on input line 35.
LaTeX Font Info:    Overwriting math alphabet `\mathsf' in version `bold'
(Font)                  OT1/cmss/bx/n --> OT1/lmss/bx/n on input line 36.
LaTeX Font Info:    Overwriting math alphabet `\mathit' in version `bold'
(Font)                  OT1/cmr/bx/it --> OT1/lmr/bx/it on input line 37.
LaTeX Font Info:    Overwriting math alphabet `\mathtt' in version `bold'
(Font)                  OT1/cmtt/m/n --> OT1/lmtt/m/n on input line 38.
)
(/usr/share/texlive/texmf-dist/tex/generic/babel/babel.sty
Package: babel 2019/06/03 3.32 The Babel package

(/usr/share/texlive/texmf-dist/tex/generic/babel/switch.def
File: switch.def 2019/06/03 3.32 Babel switching mechanism
)
(/usr/share/texlive/texmf-dist/tex/generic/babel-czech/czech.ldf
Language: czech 2008/07/06 v3.1a Czech support from the babel system

(/usr/share/texlive/texmf-dist/tex/generic/babel/babel.def
File: babel.def 2019/06/03 3.32 Babel common definitions
\babel@savecnt=\count89
\U@D=\dimen103

(/usr/share/texlive/texmf-dist/tex/generic/babel/txtbabel.def)
\bbl@dirlevel=\count90
)
Package babel Info: Making " an active character on input line 172.
\cs@wordlen=\count91
Package babel Info: Making - an active character on input line 226.
)
(/usr/share/texlive/texmf-dist/tex/generic/babel-english/british.ldf
Language: british 2017/06/06 v3.3r English support from the babel system

(/usr/share/texlive/texmf-dist/tex/generic/babel-english/english.ldf
Language: english 2017/06/06 v3.3r English support from the babel system
\l@canadian = a dialect from \language\l@american 
\l@australian = a dialect from \language\l@british 
\l@newzealand = a dialect from \language\l@british 
)))
(/usr/share/texlive/texmf-dist/tex/latex/base/inputenc.sty
Package: inputenc 2018/08/11 v1.3c Input encoding file
\inpenc@prehook=\toks14
\inpenc@posthook=\toks15
)
(/usr/share/texlive/texmf-dist/tex/latex/base/fontenc.sty
Package: fontenc 2018/08/11 v2.0j Standard LaTeX package

(/usr/share/texlive/texmf-dist/tex/latex/base/t1enc.def
File: t1enc.def 2018/08/11 v2.0j Standard LaTeX file
LaTeX Font Info:    Redeclaring font encoding T1 on input line 48.
))
(/usr/share/texlive/texmf-dist/tex/latex/geometry/geometry.sty
Package: geometry 2018/04/16 v5.8 Page Geometry

(/usr/share/texlive/texmf-dist/tex/latex/graphics/keyval.sty
Package: keyval 2014/10/28 v1.15 key=value parser (DPC)
\KV@toks@=\toks16
)
(/usr/share/texlive/texmf-dist/tex/generic/oberdiek/ifpdf.sty
Package: ifpdf 2018/09/07 v3.3 Provides the ifpdf switch
)
(/usr/share/texlive/texmf-dist/tex/generic/oberdiek/ifvtex.sty
Package: ifvtex 2016/05/16 v1.6 Detect VTeX and its facilities (HO)
Package ifvtex Info: VTeX not detected.
)
(/usr/share/texlive/texmf-dist/tex/generic/ifxetex/ifxetex.sty
Package: ifxetex 2010/09/12 v0.6 Provides ifxetex conditional
)
\Gm@cnth=\count92
\Gm@cntv=\count93
\c@Gm@tempcnt=\count94
\Gm@bindingoffset=\dimen104
\Gm@wd@mp=\dimen105
\Gm@odd@mp=\dimen106
\Gm@even@mp=\dimen107
\Gm@layoutwidth=\dimen108
\Gm@layoutheight=\dimen109
\Gm@layouthoffset=\dimen110
\Gm@layoutvoffset=\dimen111
\Gm@dimlist=\toks17
))
(/usr/share/texlive/texmf-dist/tex/latex/tocbibind/tocbibind.sty
Package: tocbibind 2010/10/13 v1.5k extra ToC listings
Package tocbibind Info: The document has chapter divisions on input line 50.


Package tocbibind Note: Using chapter style headings, unless overridden.

) (/usr/share/texlive/texmf-dist/tex/latex/graphics/graphicx.sty
Package: graphicx 2017/06/01 v1.1a Enhanced LaTeX Graphics (DPC,SPQR)

(/usr/share/texlive/texmf-dist/tex/latex/graphics/graphics.sty
Package: graphics 2017/06/25 v1.2c Standard LaTeX Graphics (DPC,SPQR)

(/usr/share/texlive/texmf-dist/tex/latex/graphics/trig.sty
Package: trig 2016/01/03 v1.10 sin cos tan (DPC)
)
(/usr/share/texlive/texmf-dist/tex/latex/graphics-cfg/graphics.cfg
File: graphics.cfg 2016/06/04 v1.11 sample graphics configuration
)
Package graphics Info: Driver file: pdftex.def on input line 99.

(/usr/share/texlive/texmf-dist/tex/latex/graphics-def/pdftex.def
File: pdftex.def 2018/01/08 v1.0l Graphics/color driver for pdftex
))
\Gin@req@height=\dimen112
\Gin@req@width=\dimen113
)
(/usr/share/texlive/texmf-dist/tex/latex/caption/subcaption.sty
Package: subcaption 2018/05/01 v1.1-162 Sub-captions (AR)

(/usr/share/texlive/texmf-dist/tex/latex/caption/caption.sty
Package: caption 2018/10/06 v3.3-154 Customizing captions (AR)

(/usr/share/texlive/texmf-dist/tex/latex/caption/caption3.sty
Package: caption3 2018/09/12 v1.8c caption3 kernel (AR)
Package caption3 Info: TeX engine: e-TeX on input line 64.
\captionmargin=\dimen114
\captionmargin@=\dimen115
\captionwidth=\dimen116
\caption@tempdima=\dimen117
\caption@indent=\dimen118
\caption@parindent=\dimen119
\caption@hangindent=\dimen120
)
\c@caption@flags=\count95
\c@ContinuedFloat=\count96
)
\c@subfigure=\count97
\c@subtable=\count98
)
(/usr/share/texlive/texmf-dist/tex/latex/hyperref/hyperref.sty
Package: hyperref 2018/11/30 v6.88e Hypertext links for LaTeX

(/usr/share/texlive/texmf-dist/tex/generic/oberdiek/hobsub-hyperref.sty
Package: hobsub-hyperref 2016/05/16 v1.14 Bundle oberdiek, subset hyperref (HO)


(/usr/share/texlive/texmf-dist/tex/generic/oberdiek/hobsub-generic.sty
Package: hobsub-generic 2016/05/16 v1.14 Bundle oberdiek, subset generic (HO)
Package: hobsub 2016/05/16 v1.14 Construct package bundles (HO)
Package: infwarerr 2016/05/16 v1.4 Providing info/warning/error messages (HO)
Package: ltxcmds 2016/05/16 v1.23 LaTeX kernel commands for general use (HO)
Package: ifluatex 2016/05/16 v1.4 Provides the ifluatex switch (HO)
Package ifluatex Info: LuaTeX not detected.
Package hobsub Info: Skipping package `ifvtex' (already loaded).
Package: intcalc 2016/05/16 v1.2 Expandable calculations with integers (HO)
Package hobsub Info: Skipping package `ifpdf' (already loaded).
Package: etexcmds 2016/05/16 v1.6 Avoid name clashes with e-TeX commands (HO)
Package: kvsetkeys 2016/05/16 v1.17 Key value parser (HO)
Package: kvdefinekeys 2016/05/16 v1.4 Define keys (HO)
Package: pdftexcmds 2018/09/10 v0.29 Utility functions of pdfTeX for LuaTeX (HO
)
Package pdftexcmds Info: LuaTeX not detected.
Package pdftexcmds Info: \pdf@primitive is available.
Package pdftexcmds Info: \pdf@ifprimitive is available.
Package pdftexcmds Info: \pdfdraftmode found.
Package: pdfescape 2016/05/16 v1.14 Implements pdfTeX's escape features (HO)
Package: bigintcalc 2016/05/16 v1.4 Expandable calculations on big integers (HO
)
Package: bitset 2016/05/16 v1.2 Handle bit-vector datatype (HO)
Package: uniquecounter 2016/05/16 v1.3 Provide unlimited unique counter (HO)
)
Package hobsub Info: Skipping package `hobsub' (already loaded).
Package: letltxmacro 2016/05/16 v1.5 Let assignment for LaTeX macros (HO)
Package: hopatch 2016/05/16 v1.3 Wrapper for package hooks (HO)
Package: xcolor-patch 2016/05/16 xcolor patch
Package: atveryend 2016/05/16 v1.9 Hooks at the very end of document (HO)
Package atveryend Info: \enddocument detected (standard20110627).
Package: atbegshi 2016/06/09 v1.18 At begin shipout hook (HO)
Package: refcount 2016/05/16 v3.5 Data extraction from label references (HO)
Package: hycolor 2016/05/16 v1.8 Color options for hyperref/bookmark (HO)
)
(/usr/share/texlive/texmf-dist/tex/latex/oberdiek/auxhook.sty
Package: auxhook 2016/05/16 v1.4 Hooks for auxiliary files (HO)
)
(/usr/share/texlive/texmf-dist/tex/latex/oberdiek/kvoptions.sty
Package: kvoptions 2016/05/16 v3.12 Key value format for package options (HO)
)
\@linkdim=\dimen121
\Hy@linkcounter=\count99
\Hy@pagecounter=\count100

(/usr/share/texlive/texmf-dist/tex/latex/hyperref/pd1enc.def
File: pd1enc.def 2018/11/30 v6.88e Hyperref: PDFDocEncoding definition (HO)
Now handling font encoding PD1 ...
... no UTF-8 mapping file for font encoding PD1
)
\Hy@SavedSpaceFactor=\count101

(/usr/share/texlive/texmf-dist/tex/latex/latexconfig/hyperref.cfg
File: hyperref.cfg 2002/06/06 v1.2 hyperref configuration of TeXLive
)
Package hyperref Info: Hyper figures OFF on input line 4519.
Package hyperref Info: Link nesting OFF on input line 4524.
Package hyperref Info: Hyper index ON on input line 4527.
Package hyperref Info: Plain pages OFF on input line 4534.
Package hyperref Info: Backreferencing OFF on input line 4539.
Package hyperref Info: Implicit mode ON; LaTeX internals redefined.
Package hyperref Info: Bookmarks ON on input line 4772.
\c@Hy@tempcnt=\count102

(/usr/share/texlive/texmf-dist/tex/latex/url/url.sty
\Urlmuskip=\muskip10
Package: url 2013/09/16  ver 3.4  Verb mode for urls, etc.
)
LaTeX Info: Redefining \url on input line 5125.
\XeTeXLinkMargin=\dimen122
\Fld@menulength=\count103
\Field@Width=\dimen123
\Fld@charsize=\dimen124
Package hyperref Info: Hyper figures OFF on input line 6380.
Package hyperref Info: Link nesting OFF on input line 6385.
Package hyperref Info: Hyper index ON on input line 6388.
Package hyperref Info: backreferencing OFF on input line 6395.
Package hyperref Info: Link coloring OFF on input line 6400.
Package hyperref Info: Link coloring with OCG OFF on input line 6405.
Package hyperref Info: PDF/A mode OFF on input line 6410.
LaTeX Info: Redefining \ref on input line 6450.
LaTeX Info: Redefining \pageref on input line 6454.
\Hy@abspage=\count104
\c@Item=\count105
\c@Hfootnote=\count106
)
Package hyperref Info: Driver: hpdftex.

(/usr/share/texlive/texmf-dist/tex/latex/hyperref/hpdftex.def
File: hpdftex.def 2018/11/30 v6.88e Hyperref driver for pdfTeX
\Fld@listcount=\count107
\c@bookmark@seq@number=\count108

(/usr/share/texlive/texmf-dist/tex/latex/oberdiek/rerunfilecheck.sty
Package: rerunfilecheck 2016/05/16 v1.8 Rerun checks for auxiliary files (HO)
Package uniquecounter Info: New unique counter `rerunfilecheck' on input line 2
82.
)
\Hy@SectionHShift=\skip43
)
Package hyperref Info: Option `colorlinks' set `true' on input line 77.
Package hyperref Info: Option `unicode' set `true' on input line 77.

(/usr/share/texlive/texmf-dist/tex/latex/hyperref/puenc.def
File: puenc.def 2018/11/30 v6.88e Hyperref: PDF Unicode definition (HO)
Now handling font encoding PU ...
... no UTF-8 mapping file for font encoding PU
)
Package hyperref Info: Option `bookmarksopen' set `true' on input line 77.

(/usr/share/texlive/texmf-dist/tex/latex/amsmath/amsmath.sty
Package: amsmath 2018/12/01 v2.17b AMS math features
\@mathmargin=\skip44

For additional information on amsmath, use the `?' option.
(/usr/share/texlive/texmf-dist/tex/latex/amsmath/amstext.sty
Package: amstext 2000/06/29 v2.01 AMS text

(/usr/share/texlive/texmf-dist/tex/latex/amsmath/amsgen.sty
File: amsgen.sty 1999/11/30 v2.0 generic functions
\@emptytoks=\toks18
\ex@=\dimen125
))
(/usr/share/texlive/texmf-dist/tex/latex/amsmath/amsbsy.sty
Package: amsbsy 1999/11/29 v1.2d Bold Symbols
\pmbraise@=\dimen126
)
(/usr/share/texlive/texmf-dist/tex/latex/amsmath/amsopn.sty
Package: amsopn 2016/03/08 v2.02 operator names
)
\inf@bad=\count109
LaTeX Info: Redefining \frac on input line 223.
\uproot@=\count110
\leftroot@=\count111
LaTeX Info: Redefining \overline on input line 385.
\classnum@=\count112
\DOTSCASE@=\count113
LaTeX Info: Redefining \ldots on input line 482.
LaTeX Info: Redefining \dots on input line 485.
LaTeX Info: Redefining \cdots on input line 606.
\Mathstrutbox@=\box27
\strutbox@=\box28
\big@size=\dimen127
LaTeX Font Info:    Redeclaring font encoding OML on input line 729.
LaTeX Font Info:    Redeclaring font encoding OMS on input line 730.
\macc@depth=\count114
\c@MaxMatrixCols=\count115
\dotsspace@=\muskip11
\c@parentequation=\count116
\dspbrk@lvl=\count117
\tag@help=\toks19
\row@=\count118
\column@=\count119
\maxfields@=\count120
\andhelp@=\toks20
\eqnshift@=\dimen128
\alignsep@=\dimen129
\tagshift@=\dimen130
\tagwidth@=\dimen131
\totwidth@=\dimen132
\lineht@=\dimen133
\@envbody=\toks21
\multlinegap=\skip45
\multlinetaggap=\skip46
\mathdisplay@stack=\toks22
LaTeX Info: Redefining \[ on input line 2844.
LaTeX Info: Redefining \] on input line 2845.
)
(/usr/share/texlive/texmf-dist/tex/latex/fancyhdr/fancyhdr.sty
Package: fancyhdr 2019/01/31 v3.10 Extensive control of page headers and footer
s
\f@nch@headwidth=\skip47
\f@nch@O@elh=\skip48
\f@nch@O@erh=\skip49
\f@nch@O@olh=\skip50
\f@nch@O@orh=\skip51
\f@nch@O@elf=\skip52
\f@nch@O@erf=\skip53
\f@nch@O@olf=\skip54
\f@nch@O@orf=\skip55
)
(/usr/share/texlive/texmf-dist/tex/latex/float/float.sty
Package: float 2001/11/08 v1.3d Float enhancements (AL)
\c@float@type=\count121
\float@exts=\toks23
\float@box=\box29
\@float@everytoks=\toks24
\@floatcapt=\box30
)
(/usr/share/texlive/texmf-dist/tex/latex/natbib/natbib.sty
Package: natbib 2010/09/13 8.31b (PWD, AO)
\bibhang=\skip56
\bibsep=\skip57
LaTeX Info: Redefining \cite on input line 694.
\c@NAT@ctr=\count122
)
(/usr/share/texlive/texmf-dist/tex/latex/multirow/multirow.sty
Package: multirow 2019/05/31 v2.5 Span multiple rows of a table
\multirow@colwidth=\skip58
\multirow@cntb=\count123
\multirow@dima=\skip59
\bigstrutjot=\dimen134
)
(/usr/share/texlive/texmf-dist/tex/latex/makecell/makecell.sty
Package: makecell 2009/08/03 V0.1e Managing of Tab Column Heads and Cells

(/usr/share/texlive/texmf-dist/tex/latex/tools/array.sty
Package: array 2018/12/30 v2.4k Tabular extension package (FMi)
\col@sep=\dimen135
\ar@mcellbox=\box31
\extrarowheight=\dimen136
\NC@list=\toks25
\extratabsurround=\skip60
\backup@length=\skip61
\ar@cellbox=\box32
)
\rotheadsize=\dimen137
\c@nlinenum=\count124
\TeXr@lab=\toks26
)
(/usr/share/texlive/texmf-dist/tex/latex/xcolor/xcolor.sty
Package: xcolor 2016/05/11 v2.12 LaTeX color extensions (UK)

(/usr/share/texlive/texmf-dist/tex/latex/graphics-cfg/color.cfg
File: color.cfg 2016/01/02 v1.6 sample color configuration
)
Package xcolor Info: Driver file: pdftex.def on input line 225.

(/usr/share/texlive/texmf-dist/tex/latex/colortbl/colortbl.sty
Package: colortbl 2018/12/12 v1.0d Color table columns (DPC)
\everycr=\toks27
\minrowclearance=\skip62
)
\rownum=\count125
Package xcolor Info: Model `cmy' substituted by `cmy0' on input line 1348.
Package xcolor Info: Model `hsb' substituted by `rgb' on input line 1352.
Package xcolor Info: Model `RGB' extended on input line 1364.
Package xcolor Info: Model `HTML' substituted by `rgb' on input line 1366.
Package xcolor Info: Model `Hsb' substituted by `hsb' on input line 1367.
Package xcolor Info: Model `tHsb' substituted by `hsb' on input line 1368.
Package xcolor Info: Model `HSB' substituted by `hsb' on input line 1369.
Package xcolor Info: Model `Gray' substituted by `gray' on input line 1370.
Package xcolor Info: Model `wave' substituted by `hsb' on input line 1371.
)
(/usr/share/texlive/texmf-dist/tex/latex/oberdiek/pdflscape.sty
Package: pdflscape 2016/05/14 v0.11 Display of landscape pages in PDF (HO)

(/usr/share/texlive/texmf-dist/tex/latex/graphics/lscape.sty
Package: lscape 2000/10/22 v3.01 Landscape Pages (DPC)
)
Package pdflscape Info: Auto-detected driver: pdftex on input line 81.
)
(/usr/share/texlive/texmf-dist/tex/latex/tools/longtable.sty
Package: longtable 2014/10/28 v4.11 Multi-page Table package (DPC)+ FMi change
\LTleft=\skip63
\LTright=\skip64
\LTpre=\skip65
\LTpost=\skip66
\LTchunksize=\count126
\LTcapwidth=\dimen138
\LT@head=\box33
\LT@firsthead=\box34
\LT@foot=\box35
\LT@lastfoot=\box36
\LT@cols=\count127
\LT@rows=\count128
\c@LT@tables=\count129
\c@LT@chunks=\count130
\LT@p@ftn=\toks28
)
(/usr/share/texlive/texmf-dist/tex/latex/blindtext/blindtext.sty
Package: blindtext 2012/01/06 V2.0 blindtext-Package

(/usr/share/texlive/texmf-dist/tex/latex/tools/xspace.sty
Package: xspace 2014/10/28 v1.13 Space after command names (DPC,MH)
)
\c@blindtext=\count131
\c@Blindtext=\count132
\c@blind@countparstart=\count133
\blind@countxx=\count134
\blindtext@numBlindtext=\count135
\blind@countyy=\count136
\c@blindlist=\count137
\c@blindlistlevel=\count138
\c@blindlist@level=\count139
\blind@listitem=\count140
\c@blind@listcount=\count141
\c@blind@levelcount=\count142
\blind@mathformula=\count143
\blind@Mathformula=\count144
\c@blind@randomcount=\count145
\c@blind@randommax=\count146
\c@blind@pangramcount=\count147
\c@blind@pangrammax=\count148
)
(/usr/share/texlive/texmf-dist/tex/latex/koma-script/scrextend.sty
Package: scrextend 2019/02/01 v3.26b KOMA-Script package (extend other classes 
with features of KOMA-Script classes)

(/usr/share/texlive/texmf-dist/tex/latex/koma-script/scrkbase.sty
Package: scrkbase 2019/02/01 v3.26b KOMA-Script package (KOMA-Script-dependent 
basics and keyval usage)

(/usr/share/texlive/texmf-dist/tex/latex/koma-script/scrbase.sty
Package: scrbase 2019/02/01 v3.26b KOMA-Script package (KOMA-Script-independent
 basics and keyval usage)

(/usr/share/texlive/texmf-dist/tex/latex/koma-script/scrlfile.sty
Package: scrlfile 2019/02/01 v3.26b KOMA-Script package (loading files)
)))

LaTeX Warning: Command \@footnotemark  has changed.
               Check if current package is valid.

) (./doc.aux

LaTeX Warning: Label `fig:bw_transform_1' multiply defined.

)
\openout1 = `doc.aux'.

LaTeX Font Info:    Checking defaults for OML/cmm/m/it on input line 107.
LaTeX Font Info:    ... okay on input line 107.
LaTeX Font Info:    Checking defaults for T1/cmr/m/n on input line 107.
LaTeX Font Info:    ... okay on input line 107.
LaTeX Font Info:    Checking defaults for OT1/cmr/m/n on input line 107.
LaTeX Font Info:    ... okay on input line 107.
LaTeX Font Info:    Checking defaults for OMS/cmsy/m/n on input line 107.
LaTeX Font Info:    ... okay on input line 107.
LaTeX Font Info:    Checking defaults for OMX/cmex/m/n on input line 107.
LaTeX Font Info:    ... okay on input line 107.
LaTeX Font Info:    Checking defaults for U/cmr/m/n on input line 107.
LaTeX Font Info:    ... okay on input line 107.
LaTeX Font Info:    Checking defaults for PD1/pdf/m/n on input line 107.
LaTeX Font Info:    ... okay on input line 107.
LaTeX Font Info:    Checking defaults for PU/pdf/m/n on input line 107.
LaTeX Font Info:    ... okay on input line 107.
LaTeX Font Info:    Try loading font information for T1+lmr on input line 107.
 (/usr/share/texmf/tex/latex/lm/t1lmr.fd
File: t1lmr.fd 2009/10/30 v1.6 Font defs for Latin Modern
)
*geometry* driver: auto-detecting
*geometry* detected driver: pdftex
*geometry* verbose mode - [ preamble ] result:
* driver: pdftex
* paper: a4paper
* layout: <same size as paper>
* layoutoffset:(h,v)=(0.0pt,0.0pt)
* modes: 
* h-part:(L,W,R)=(105.27519pt, 386.95749pt, 105.27519pt)
* v-part:(T,H,B)=(93.89409pt, 637.34174pt, 113.81102pt)
* \paperwidth=597.50787pt
* \paperheight=845.04684pt
* \textwidth=386.95749pt
* \textheight=637.34174pt
* \oddsidemargin=33.0052pt
* \evensidemargin=33.0052pt
* \topmargin=-15.3759pt
* \headheight=12.0pt
* \headsep=25.0pt
* \topskip=12.0pt
* \footskip=30.0pt
* \marginparwidth=44.0pt
* \marginparsep=10.0pt
* \columnsep=10.0pt
* \skip\footins=10.8pt plus 4.0pt minus 2.0pt
* \hoffset=0.0pt
* \voffset=0.0pt
* \mag=1000
* \@twocolumnfalse
* \@twosidefalse
* \@mparswitchfalse
* \@reversemarginfalse
* (1in=72.27pt=25.4mm, 1cm=28.453pt)

(/usr/share/texlive/texmf-dist/tex/context/base/mkii/supp-pdf.mkii
[Loading MPS to PDF converter (version 2006.09.02).]
\scratchcounter=\count149
\scratchdimen=\dimen139
\scratchbox=\box37
\nofMPsegments=\count150
\nofMParguments=\count151
\everyMPshowfont=\toks29
\MPscratchCnt=\count152
\MPscratchDim=\dimen140
\MPnumerator=\count153
\makeMPintoPDFobject=\count154
\everyMPtoPDFconversion=\toks30
) (/usr/share/texlive/texmf-dist/tex/latex/oberdiek/epstopdf-base.sty
Package: epstopdf-base 2016/05/15 v2.6 Base part for package epstopdf

(/usr/share/texlive/texmf-dist/tex/latex/oberdiek/grfext.sty
Package: grfext 2016/05/16 v1.2 Manage graphics extensions (HO)
)
Package epstopdf-base Info: Redefining graphics rule for `.eps' on input line 4
38.
Package grfext Info: Graphics extension search list:
(grfext)             [.pdf,.png,.jpg,.mps,.jpeg,.jbig2,.jb2,.PDF,.PNG,.JPG,.JPE
G,.JBIG2,.JB2,.eps]
(grfext)             \AppendGraphicsExtensions on input line 456.

(/usr/share/texlive/texmf-dist/tex/latex/latexconfig/epstopdf-sys.cfg
File: epstopdf-sys.cfg 2010/07/13 v1.3 Configuration of (r)epstopdf for TeX Liv
e
))
Package caption Info: Begin \AtBeginDocument code.
Package caption Info: float package is loaded.
Package caption Info: hyperref package is loaded.
Package caption Info: longtable package is loaded.

(/usr/share/texlive/texmf-dist/tex/latex/caption/ltcaption.sty
Package: ltcaption 2018/08/26 v1.4-95 longtable captions (AR)
)
Package caption Info: End \AtBeginDocument code.
\AtBeginShipoutBox=\box38
Package hyperref Info: Link coloring ON on input line 107.

(/usr/share/texlive/texmf-dist/tex/latex/hyperref/nameref.sty
Package: nameref 2016/05/21 v2.44 Cross-referencing by name of section

(/usr/share/texlive/texmf-dist/tex/generic/oberdiek/gettitlestring.sty
Package: gettitlestring 2016/05/16 v1.5 Cleanup title references (HO)
)
\c@section@level=\count155
)
LaTeX Info: Redefining \ref on input line 107.
LaTeX Info: Redefining \pageref on input line 107.
LaTeX Info: Redefining \nameref on input line 107.

(./doc.out) (./doc.out)
\@outlinefile=\write3
\openout3 = `doc.out'.

 [1

{/var/lib/texmf/fonts/map/pdftex/updmap/pdftex.map}]
[2] [3

]
LaTeX Font Info:    Try loading font information for OT1+lmr on input line 110.

 (/usr/share/texmf/tex/latex/lm/ot1lmr.fd
File: ot1lmr.fd 2009/10/30 v1.6 Font defs for Latin Modern
)
LaTeX Font Info:    Try loading font information for OML+lmm on input line 110.


(/usr/share/texmf/tex/latex/lm/omllmm.fd
File: omllmm.fd 2009/10/30 v1.6 Font defs for Latin Modern
)
LaTeX Font Info:    Try loading font information for OMS+lmsy on input line 110
.

(/usr/share/texmf/tex/latex/lm/omslmsy.fd
File: omslmsy.fd 2009/10/30 v1.6 Font defs for Latin Modern
)
LaTeX Font Info:    Try loading font information for OMX+lmex on input line 110
.

(/usr/share/texmf/tex/latex/lm/omxlmex.fd
File: omxlmex.fd 2009/10/30 v1.6 Font defs for Latin Modern
)
LaTeX Font Info:    External font `lmex10' loaded for size
(Font)              <12> on input line 110.
LaTeX Font Info:    External font `lmex10' loaded for size
(Font)              <8> on input line 110.
LaTeX Font Info:    External font `lmex10' loaded for size
(Font)              <6> on input line 110.
 [4] [5] (./doc.toc [6

])
\tf@toc=\write4
\openout4 = `doc.toc'.

 [7]
Kapitola 1.

Overfull \hbox (4.38464pt too wide) in paragraph at lines 113--120
\T1/lmr/m/n/12 pro mnoho váº-ných he-ma-to-lo-gic-kých po-ruch mezi které pat°í
 na-p°í-klad akutní
 []


Underfull \hbox (badness 10000) in paragraph at lines 113--120

 []


Underfull \hbox (badness 10000) in paragraph at lines 113--120

 []

[8

]
Kapitola 2.

Underfull \hbox (badness 10000) in paragraph at lines 123--130

 []


Underfull \hbox (badness 10000) in paragraph at lines 123--130

 []

<./img/lidska_bunka.png, id=328, 1736.4875pt x 820.06375pt>
File: ./img/lidska_bunka.png Graphic file (type png)
<use ./img/lidska_bunka.png>
Package pdftex.def Info: ./img/lidska_bunka.png  used on input line 136.
(pdftex.def)             Requested size: 150.56305pt x 71.0997pt.
<./img/chromosome.jpg, id=330, 1606.0pt x 1127.21124pt>
File: ./img/chromosome.jpg Graphic file (type jpg)
<use ./img/chromosome.jpg>
Package pdftex.def Info: ./img/chromosome.jpg  used on input line 137.
(pdftex.def)             Requested size: 200.75073pt x 140.90106pt.
[9

]
Underfull \hbox (badness 10000) in paragraph at lines 147--151

 []

<./img/genom6_mica.jpg, id=344, 853.1875pt x 539.01375pt>
File: ./img/genom6_mica.jpg Graphic file (type jpg)
<use ./img/genom6_mica.jpg>
Package pdftex.def Info: ./img/genom6_mica.jpg  used on input line 154.
(pdftex.def)             Requested size: 301.1261pt x 190.245pt.
[10 <./img/lidska_bunka.png> <./img/chromosome.jpg>]
Underfull \hbox (badness 10000) in paragraph at lines 160--171

 []


Underfull \hbox (badness 10000) in paragraph at lines 160--171

 []


Underfull \hbox (badness 10000) in paragraph at lines 160--171

 []

[11 <./img/genom6_mica.jpg>]
Underfull \hbox (badness 10000) in paragraph at lines 173--177

 []


Underfull \hbox (badness 10000) in paragraph at lines 184--192

 []


Underfull \hbox (badness 10000) in paragraph at lines 184--192

 []

<./img/nk_receptory.jpg, id=369, 385.44pt x 234.1548pt>
File: ./img/nk_receptory.jpg Graphic file (type jpg)
<use ./img/nk_receptory.jpg>
Package pdftex.def Info: ./img/nk_receptory.jpg  used on input line 199.
(pdftex.def)             Requested size: 301.1261pt x 182.93298pt.
[12]
Underfull \hbox (badness 10000) in paragraph at lines 205--209

 []

[13 <./img/nk_receptory.jpg>]
<./img/kir_pozice.png, id=393, 987.69pt x 1384.17125pt>
File: ./img/kir_pozice.png Graphic file (type png)
<use ./img/kir_pozice.png>
Package pdftex.def Info: ./img/kir_pozice.png  used on input line 216.
(pdftex.def)             Requested size: 250.93842pt x 351.66008pt.
 [14]
Underfull \hbox (badness 10000) in paragraph at lines 222--229

 []


Underfull \hbox (badness 10000) in paragraph at lines 222--229

 []

[15 <./img/kir_pozice.png>]
<./img/KIR_nomenklatura.png, id=412, 564.1075pt x 401.5pt>
File: ./img/KIR_nomenklatura.png Graphic file (type png)
<use ./img/KIR_nomenklatura.png>
Package pdftex.def Info: ./img/KIR_nomenklatura.png  used on input line 232.
(pdftex.def)             Requested size: 386.95749pt x 275.41792pt.
<./img/KIR_nomenklatura2.png, id=418, 1360.08125pt x 649.42625pt>
File: ./img/KIR_nomenklatura2.png Graphic file (type png)
<use ./img/KIR_nomenklatura2.png>
Package pdftex.def Info: ./img/KIR_nomenklatura2.png  used on input line 245.
(pdftex.def)             Requested size: 386.95749pt x 184.76138pt.
 [16 <./img/KIR_nomenklatura.png>]
<./img/NK_princip.jpg, id=430, 399.0839pt x 306.98761pt>
File: ./img/NK_princip.jpg Graphic file (type jpg)
<use ./img/NK_princip.jpg>
Package pdftex.def Info: ./img/NK_princip.jpg  used on input line 257.
(pdftex.def)             Requested size: 386.95749pt x 297.67458pt.

Underfull \hbox (badness 10000) in paragraph at lines 250--260

 []

[17 <./img/KIR_nomenklatura2.png>]
<./img/KIR_haplotype.jpg, id=442, 758.835pt x 435.6275pt>
File: ./img/KIR_haplotype.jpg Graphic file (type jpg)
<use ./img/KIR_haplotype.jpg>
Package pdftex.def Info: ./img/KIR_haplotype.jpg  used on input line 270.
(pdftex.def)             Requested size: 386.95749pt x 222.14714pt.

Underfull \hbox (badness 10000) in paragraph at lines 265--273

 []


Underfull \hbox (badness 10000) in paragraph at lines 265--273

 []

[18 <./img/NK_princip.jpg>]
Underfull \hbox (badness 10000) in paragraph at lines 275--280

 []

[19 <./img/KIR_haplotype.jpg>]
<./img/KIR_haplotypy_priklad.png, id=462, 621.07031pt x 191.9672pt>
File: ./img/KIR_haplotypy_priklad.png Graphic file (type png)
<use ./img/KIR_haplotypy_priklad.png>
Package pdftex.def Info: ./img/KIR_haplotypy_priklad.png  used on input line 28
3.
(pdftex.def)             Requested size: 386.95749pt x 119.60426pt.

Underfull \hbox (badness 10000) in paragraph at lines 288--294

 []

[20 <./img/KIR_haplotypy_priklad.png (PNG copy)>]
Overfull \hbox (10.9178pt too wide) in paragraph at lines 298--303
\T1/lmr/m/n/12 Analogicky by bylo po-jme-no-vání KIR ge-no-typ·. Ozna-£ení by z
a-£í-nalo []
 []


Underfull \hbox (badness 10000) in paragraph at lines 298--303

 []

[21]
Kapitola 3.

Underfull \hbox (badness 10000) in paragraph at lines 306--311

 []

[22

]
<./img/elektroforeza.png, id=489, 988.44281pt x 484.05844pt>
File: ./img/elektroforeza.png Graphic file (type png)
<use ./img/elektroforeza.png>
Package pdftex.def Info: ./img/elektroforeza.png  used on input line 324.
(pdftex.def)             Requested size: 386.95749pt x 189.49847pt.

Underfull \hbox (badness 10000) in paragraph at lines 330--334

 []

[23 <./img/elektroforeza.png (PNG copy)>]
LaTeX Font Info:    Try loading font information for T1+lmtt on input line 339.


(/usr/share/texmf/tex/latex/lm/t1lmtt.fd
File: t1lmtt.fd 2009/10/30 v1.6 Font defs for Latin Modern
)
Underfull \hbox (badness 10000) in paragraph at lines 336--341

 []


Overfull \hbox (257.65327pt too wide) in paragraph at lines 336--341
\T1/lmr/m/n/12 ale m¥ p°i-²el dob-rej. [][]$\T1/lmtt/m/n/12 https : / / www . y
ourgenome . org / facts / how-[]do-[]you-[]put-[]a-[]genome-[]back-[]together-[
]after-[]sequencing$[][]
 []

<./img/single_end_pair_end_reads_yourgenome.png, id=500, 1076.02pt x 1204.5pt>
File: ./img/single_end_pair_end_reads_yourgenome.png Graphic file (type png)
<use ./img/single_end_pair_end_reads_yourgenome.png>
Package pdftex.def Info: ./img/single_end_pair_end_reads_yourgenome.png  used o
n input line 344.
(pdftex.def)             Requested size: 200.75073pt x 224.70369pt.
[24 <./img/single_end_pair_end_reads_yourgenome.png>]
<./img/sekvenace_454_1.png, id=510, 508.14844pt x 153.57375pt>
File: ./img/sekvenace_454_1.png Graphic file (type png)
<use ./img/sekvenace_454_1.png>
Package pdftex.def Info: ./img/sekvenace_454_1.png  used on input line 356.
(pdftex.def)             Requested size: 301.1261pt x 91.01077pt.
<./img/sekvenace_454_2.png, id=511, 217.5628pt x 118.19156pt>
File: ./img/sekvenace_454_2.png Graphic file (type png)
<use ./img/sekvenace_454_2.png>
Package pdftex.def Info: ./img/sekvenace_454_2.png  used on input line 357.
(pdftex.def)             Requested size: 150.56305pt x 81.79933pt.

Underfull \hbox (badness 10000) in paragraph at lines 362--367

 []

[25 <./img/sekvenace_454_1.png (PNG copy)> <./img/sekvenace_454_2.png (PNG copy
)>] [26]
Kapitola 4.

Underfull \hbox (badness 10000) in paragraph at lines 388--418

 []


Underfull \hbox (badness 10000) in paragraph at lines 388--418

 []


Underfull \hbox (badness 10000) in paragraph at lines 388--418

 []


Underfull \hbox (badness 10000) in paragraph at lines 388--418

 []


Underfull \hbox (badness 10000) in paragraph at lines 388--418

 []


Underfull \hbox (badness 10000) in paragraph at lines 388--418

 []


Underfull \hbox (badness 10000) in paragraph at lines 388--418

 []


Underfull \hbox (badness 10000) in paragraph at lines 388--418

 []

[27

]
Underfull \hbox (badness 10000) in paragraph at lines 421--428

 []


Underfull \hbox (badness 10000) in paragraph at lines 421--428

 []

[28] [29]
<./img/bowtie2_postup.png, id=548, 593.21625pt x 625.33624pt>
File: ./img/bowtie2_postup.png Graphic file (type png)
<use ./img/bowtie2_postup.png>
Package pdftex.def Info: ./img/bowtie2_postup.png  used on input line 432.
(pdftex.def)             Requested size: 386.95749pt x 407.92365pt.

Underfull \hbox (badness 10000) in paragraph at lines 438--445

 []


Underfull \hbox (badness 10000) in paragraph at lines 438--445

 []

[30 <./img/bowtie2_postup.png>]
Underfull \hbox (badness 10000) in paragraph at lines 459--467

 []


Underfull \hbox (badness 10000) in paragraph at lines 477--481

 []

[31]
<./img/BWT_1.png, id=569, 645.16031pt x 235.63031pt>
File: ./img/BWT_1.png Graphic file (type png)
<use ./img/BWT_1.png>
Package pdftex.def Info: ./img/BWT_1.png  used on input line 484.
(pdftex.def)             Requested size: 309.56717pt x 113.0617pt.
<./img/BWT_2.png, id=573, 287.57437pt x 296.60812pt>
File: ./img/BWT_2.png Graphic file (type png)
<use ./img/BWT_2.png>
Package pdftex.def Info: ./img/BWT_2.png  used on input line 500.
(pdftex.def)             Requested size: 100.37537pt x 103.52927pt.
 [32 <./img/BWT_1.png (PNG copy)>]
<./img/BWT_3.png, id=585, 240.9pt x 415.5525pt>
File: ./img/BWT_3.png Graphic file (type png)
<use ./img/BWT_3.png>
Package pdftex.def Info: ./img/BWT_3.png  used on input line 511.
(pdftex.def)             Requested size: 80.3003pt x 138.51505pt.
<./img/FM_index_1.png, id=589, 267.24844pt x 375.65344pt>
File: ./img/FM_index_1.png Graphic file (type png)
<use ./img/FM_index_1.png>
Package pdftex.def Info: ./img/FM_index_1.png  used on input line 523.
(pdftex.def)             Requested size: 100.37537pt x 141.09323pt.
<./img/FM_index_2.png, id=590, 261.97874pt x 381.67593pt>
File: ./img/FM_index_2.png Graphic file (type png)
<use ./img/FM_index_2.png>
Package pdftex.def Info: ./img/FM_index_2.png  used on input line 528.
(pdftex.def)             Requested size: 100.37537pt x 146.23225pt.
 [33 <./img/BWT_2.png (PNG copy)> <./img/BWT_3.png (PNG copy)>] [34 <./img/FM_i
ndex_1.png (PNG copy)> <./img/FM_index_2.png (PNG copy)>] [35]
Kapitola 5.

Underfull \hbox (badness 10000) in paragraph at lines 613--633

 []


Underfull \hbox (badness 10000) in paragraph at lines 613--633

 []


Underfull \hbox (badness 10000) in paragraph at lines 613--633

 []


Underfull \hbox (badness 10000) in paragraph at lines 613--633

 []


Underfull \hbox (badness 10000) in paragraph at lines 613--633

 []


Underfull \hbox (badness 10000) in paragraph at lines 613--633

 []

[36

]
Underfull \hbox (badness 10000) in paragraph at lines 635--642

 []


Underfull \hbox (badness 10000) in paragraph at lines 635--642

 []



pdfTeX warning: /usr/bin/pdflatex (file ./img/navrh_systemu.pdf): PDF inclusion
: found PDF version <1.7>, but at most version <1.5> allowed
<./img/navrh_systemu.pdf, id=619, 459.7175pt x 498.86375pt>
File: ./img/navrh_systemu.pdf Graphic file (type pdf)
<use ./img/navrh_systemu.pdf>
Package pdftex.def Info: ./img/navrh_systemu.pdf  used on input line 645.
(pdftex.def)             Requested size: 386.95749pt x 419.9333pt.
[37]
Underfull \hbox (badness 10000) in paragraph at lines 655--662

 []

[38 <./img/navrh_systemu.pdf>]
Underfull \hbox (badness 10000) in paragraph at lines 670--674

 []


Underfull \hbox (badness 10000) in paragraph at lines 681--685

 []

[39]
Underfull \hbox (badness 10000) in paragraph at lines 693--706

 []


Underfull \hbox (badness 10000) in paragraph at lines 693--706

 []


Underfull \hbox (badness 10000) in paragraph at lines 693--706

 []

[40]
Overfull \hbox (17.76491pt too wide) in paragraph at lines 708--709
\T1/lmr/m/n/12 ná-stroje Bow-tie. V na-sta-vení je nutné vy-pl-nit \T1/lmr/m/it
/12 BOW-TIE_HOME_DIRECTORY
 []

[41]
Overfull \hbox (8.25137pt too wide) in paragraph at lines 734--735
\T1/lmr/m/n/12 skladbu alely ob-sa-hu-jící skript \T1/lmr/m/it/12 re-na-ming_al
els_result.py\T1/lmr/m/n/12 , který pro-jde v²echny
 []

[42]
Underfull \hbox (badness 10000) in paragraph at lines 749--753

 []

[43]
Kapitola 6.
[44

]
Overfull \hbox (46.9232pt too wide) in alignment at lines 772--795
 [] [] [] [] [] [] [] [] [] [] [] [] 
 []


Overfull \hbox (46.9232pt too wide) in alignment at lines 795--800
 [] [] [] [] [] [] [] [] [] [] [] [] 
 []

[45

] [46]

Package caption Warning: The option `hypcap=true' will be ignored for this
(caption)                particular \caption on input line 801.
See the caption package documentation for explanation.

[47]
Kapitola 7.
[48


]
Kapitola 8.
[49

]
Kapitola 9.
LaTeX Font Info:    Try loading font information for T1+lmss on input line 820.

(/usr/share/texmf/tex/latex/lm/t1lmss.fd
File: t1lmss.fd 2009/10/30 v1.6 Font defs for Latin Modern
)
Underfull \hbox (badness 10000) in paragraph at lines 841--845

 []

[50

]
Underfull \hbox (badness 10000) in paragraph at lines 850--852

 []

(./doc.bbl [51]
LaTeX Font Info:    External font `lmex10' loaded for size
(Font)              <10.95> on input line 11.

Overfull \hbox (33.90623pt too wide) in paragraph at lines 19--23
\T1/lmtt/m/n/10.95 2527141-[]s-[]transplantaci-[]kostni-[]drene-[]stale-[]caste
ji-[]pomahaji-[]pribuzni$[][]\T1/lmr/m/n/10.95 .  
 []

[52

] [53]) [54]
P\v {r}\'{\i }loha A.

Underfull \hbox (badness 10000) in paragraph at lines 875--883

 []


Underfull \hbox (badness 10000) in paragraph at lines 875--883

 []

LaTeX Font Info:    Try loading font information for OMS+lmr on input line 884.

(/usr/share/texmf/tex/latex/lm/omslmr.fd
File: omslmr.fd 2009/10/30 v1.6 Font defs for Latin Modern
)
LaTeX Font Info:    Font shape `OMS/lmr/m/n' in size <12> not available
(Font)              Font shape `OMS/lmsy/m/n' tried instead on input line 884.

Overfull \hbox (3.38179pt too wide) in paragraph at lines 888--889
[]\T1/lmr/m/n/12 REFERENCE_KIR_GENS_PSEUDOGENS_FILE - Do-da-te£ný sou-
 []

[55

]
Overfull \hbox (17.369pt too wide) in paragraph at lines 905--905
[]\T1/lmr/bx/n/17.28 Doporu£ená ad-re-sá-°ová struk-tura pro data 
 []

[56] [57]
P\v {r}\'{\i }loha B.

Overfull \hbox (47.35039pt too wide) in paragraph at lines 942--948
\OML/lmm/m/it/12 omoje[]rt[]ata$ \T1/lmr/m/n/12 To-hle po-u-ºí-vej: $\OML/lmm/m
/it/12 art[]llumina \OMS/lmsy/m/n/12 ^^@ \OML/lmm/m/it/12 ssMSv\OT1/lmr/m/n/12 
1 \OMS/lmsy/m/n/12 ^^@ \OML/lmm/m/it/12 sam \OMS/lmsy/m/n/12 ^^@ \OML/lmm/m/it/
12 iamplicon[]eference:fa \OMS/lmsy/m/n/12 ^^@
 []

[58

]
P\v {r}\'{\i }loha C.

Overfull \hbox (120.65253pt too wide) in paragraph at lines 957--962
\T1/lmr/m/n/12 pro-st°edí ex-port BT2_HOME=$\OML/lmm/m/it/12 =home=kate=Dokumen
ty=FAV=Diplomka=existujicisw=bowtie\OT1/lmr/m/n/12 2 \OMS/lmsy/m/n/12 ^^@
 []

[59

]
P\v {r}\'{\i }loha D.

Package hyperref Warning: Difference (2) between bookmark levels is greater 
(hyperref)                than one, level fixed on input line 972.


Overfull \hbox (10.25095pt too wide) in paragraph at lines 975--977
\T1/lmr/m/n/12 plus (10) vlákno je od-li²ný od aln_start_pos mi-nus (-) vlákna.
. ???? WHAT??? 
 []


Overfull \hbox (46.67099pt too wide) in paragraph at lines 985--986
[]\T1/lmr/m/n/12 aln_start_pos is the alig-n-ment start po-si-tion of re-fe-ren
ce sequence. aln_start_pos
 []


Overfull \hbox (1.83516pt too wide) in paragraph at lines 987--989
\T1/lmr/m/n/12 from plus strand or mi-nus strand of the re-fe-rence sequence. r
ead_seq_aligned
 []


Overfull \hbox (56.56073pt too wide) in paragraph at lines 994--999
[]\T1/lmr/m/n/12 pak jsou tady 4 do-po-ru-£ené po-u-ºití $\OML/lmm/m/it/12 art[
]llumina\OT1/lmr/m/n/12 [\OML/lmm/m/it/12 options\OT1/lmr/m/n/12 ] \OMS/lmsy/m/
n/12 ^^@ \OML/lmm/m/it/12 ss < sequencing[]ystem >
 []

[60

]
Package atveryend Info: Empty hook `BeforeClearDocument' on input line 1069.
 [61] [62]
Package atveryend Info: Empty hook `AfterLastShipout' on input line 1069.
 (./doc.aux)
Package atveryend Info: Executing hook `AtVeryEndDocument' on input line 1069.
Package atveryend Info: Executing hook `AtEndAfterFileList' on input line 1069.



Package rerunfilecheck Warning: File `doc.out' has changed.
(rerunfilecheck)                Rerun to get outlines right
(rerunfilecheck)                or use package `bookmark'.

Package rerunfilecheck Info: Checksums for `doc.out':
(rerunfilecheck)             Before: 80028CED1D4A0F0A72A1BF4369032B02;8939
(rerunfilecheck)             After:  560BF6BA5EA6644A20A85956E08426A8;9296.

LaTeX Warning: There were multiply-defined labels.

Package atveryend Info: Empty hook `AtVeryVeryEnd' on input line 1069.
 ) 
Here is how much of TeX's memory you used:
 14235 strings out of 493738
 205077 string characters out of 6153003
 380313 words of memory out of 5000000
 17571 multiletter control sequences out of 15000+600000
 79106 words of font info for 50 fonts, out of 8000000 for 9000
 428 hyphenation exceptions out of 8191
 42i,14n,47p,1745b,567s stack positions out of 5000i,500n,10000p,200000b,80000s
{/usr/share/texmf/fonts/enc/dvips/lm/lm-mathit.enc}{/usr/share/texmf/fonts/en
c/dvips/lm/lm-ec.enc}{/usr/share/texmf/fonts/enc/dvips/lm/lm-mathsy.enc}{/usr/s
hare/texmf/fonts/enc/dvips/lm/lm-rm.enc}</usr/share/texmf/fonts/type1/public/lm
/lmbx12.pfb></usr/share/texmf/fonts/type1/public/lm/lmcsc10.pfb></usr/share/tex
mf/fonts/type1/public/lm/lmmi12.pfb></usr/share/texmf/fonts/type1/public/lm/lmm
i8.pfb></usr/share/texmf/fonts/type1/public/lm/lmr10.pfb></usr/share/texmf/font
s/type1/public/lm/lmr12.pfb></usr/share/texmf/fonts/type1/public/lm/lmr17.pfb><
/usr/share/texmf/fonts/type1/public/lm/lmr8.pfb></usr/share/texmf/fonts/type1/p
ublic/lm/lmri10.pfb></usr/share/texmf/fonts/type1/public/lm/lmri12.pfb></usr/sh
are/texmf/fonts/type1/public/lm/lmss12.pfb></usr/share/texmf/fonts/type1/public
/lm/lmsy10.pfb></usr/share/texmf/fonts/type1/public/lm/lmsy8.pfb></usr/share/te
xmf/fonts/type1/public/lm/lmtt10.pfb></usr/share/texmf/fonts/type1/public/lm/lm
tt12.pfb>
Output written on doc.pdf (62 pages, 3223649 bytes).
PDF statistics:
 878 PDF objects out of 1000 (max. 8388607)
 747 compressed objects within 8 object streams
 188 named destinations out of 1000 (max. 500000)
 546 words of extra memory for PDF output out of 10000 (max. 10000000)

