\BOOKMARK [0][]{chapter.1}{\376\377\000\332\000v\000o\000d}{}% 1
\BOOKMARK [0][]{chapter.2}{\376\377\000I\000m\000u\000n\000i\000t\000n\000\355\000\040\000s\000y\000s\000t\000\351\000m\000\040\000a\000\040\000j\000e\000h\000o\000\040\000s\000p\000o\000j\000i\000t\000o\000s\000t\000\040\000s\000\040\000g\000e\000n\000y}{}% 2
\BOOKMARK [1][]{section.2.1}{\376\377\000G\000e\000n\000y}{chapter.2}% 3
\BOOKMARK [1][]{section.2.2}{\376\377\000I\000m\000u\000n\000i\000t\000n\000\355\000\040\000s\000y\000s\000t\000\351\000m}{chapter.2}% 4
\BOOKMARK [1][]{section.2.3}{\376\377\000H\000L\000A\000\040\000a\000\040\000n\000o\000n\000-\000H\000L\000A\000\040\000g\000e\000n\000y}{chapter.2}% 5
\BOOKMARK [2][]{subsection.2.3.1}{\376\377\000A\000l\000e\000l\000a\000\040\000a\000\040\000g\000e\000n}{section.2.3}% 6
\BOOKMARK [1][]{section.2.4}{\376\377\000N\000a\000t\000u\000r\000a\000l\000\040\000k\000i\000l\000l\000e\000r\000\040\000a\000\040\000j\000e\000h\000o\000\040\000r\000e\000c\000e\000p\000t\000o\000r\000y}{chapter.2}% 7
\BOOKMARK [2][]{subsection.2.4.1}{\376\377\000N\000a\000t\000u\000r\000a\000l\000\040\000k\000i\000l\000l\000e\000r}{section.2.4}% 8
\BOOKMARK [2][]{subsection.2.4.2}{\376\377\000N\000K\000G\0002\000D\000\040\000r\000e\000c\000e\000p\000t\000o\000r}{section.2.4}% 9
\BOOKMARK [2][]{subsection.2.4.3}{\376\377\000K\000I\000R\000\040\000r\000e\000c\000e\000p\000t\000o\000r}{section.2.4}% 10
\BOOKMARK [1][]{section.2.5}{\376\377\000N\000a\000l\000e\000z\000e\000n\000\355\000\040\000v\000h\000o\000d\000n\000\351\000h\000o\000\040\000d\000\341\000r\000c\000e}{chapter.2}% 11
\BOOKMARK [1][]{section.2.6}{\376\377\000B\000o\000r\000d\000e\000l\000\040\000h\000a\000p\000l\000o\000t\000y\000p\000y}{chapter.2}% 12
\BOOKMARK [0][]{chapter.3}{\376\377\000S\000e\000k\000v\000e\000n\000a\001\015\000n\000\355\000\040\000m\000e\000t\000o\000d\000y\000\040\000z\000\355\000s\000k\000\341\000v\000\341\000n\000\355\000\040\000D\000N\000A\000\040\000d\000a\000t}{}% 13
\BOOKMARK [1][]{section.3.1}{\376\377\000S\000a\000n\000g\000e\000r\000\040\000s\000e\000q\000u\000e\000n\000c\000i\000n\000g}{chapter.3}% 14
\BOOKMARK [1][]{section.3.2}{\376\377\000N\000G\000S\000\040\000n\000e\000x\000t\000-\000g\000e\000n\000e\000r\000a\000t\000i\000o\000n\000\040\000s\000e\000k\000v\000e\000n\000o\000v\000\341\000n\000\355}{chapter.3}% 15
\BOOKMARK [2][]{subsection.3.2.1}{\376\377\0004\0005\0004\000\040\000s\000e\000k\000v\000e\000n\000o\000v\000\341\000n\000\355\000\040\000a\000\040\000I\000o\000n\000\040\000T\000o\000r\000r\000e\000n\000t}{section.3.2}% 16
\BOOKMARK [2][]{subsection.3.2.2}{\376\377\000I\000l\000l\000u\000m\000i\000n\000a}{section.3.2}% 17
\BOOKMARK [2][]{subsection.3.2.3}{\376\377\000S\000O\000L\000i\000D}{section.3.2}% 18
\BOOKMARK [1][]{section.3.3}{\376\377\000M\000e\000t\000o\000d\000y\000\040\000t\001\131\000e\000t\000\355\000\040\000g\000e\000n\000e\000r\000a\000c\000e}{chapter.3}% 19
\BOOKMARK [1][]{section.3.4}{\376\377\000R\000e\000a\000d}{chapter.3}% 20
\BOOKMARK [1][]{section.3.5}{\376\377\000B\000o\000r\000d\000e\000l}{chapter.3}% 21
\BOOKMARK [0][]{chapter.4}{\376\377\000A\000n\000a\000l\000y\000z\000a\000\040\000d\000o\000s\000t\000u\000p\000n\000\375\000c\000h\000\040\000b\000i\000o\000i\000n\000f\000o\000r\000m\000a\000t\000i\000c\000k\000\375\000c\000h\000\040\000n\000\341\000s\000t\000r\000o\000j\001\157\000\040\000p\000r\000o\000\040\000z\000p\000r\000a\000c\000o\000v\000\341\000n\000\355\000\040\000N\000G\000S\000\040\000d\000a\000t}{}% 22
\BOOKMARK [1][]{subsection.4.0.1}{\376\377\000V\000y\000t\000v\000o\001\131\000e\000n\000\355\000\040\000t\000e\000s\000t\000o\000v\000a\000c\000\355\000h\000o\000\040\000h\000a\000p\000l\000o\000t\000y\000p\000u}{chapter.4}% 23
\BOOKMARK [1][]{section.4.1}{\376\377\000A\000R\000T}{chapter.4}% 24
\BOOKMARK [2][]{subsection.4.1.1}{\376\377\000p\000o\000k\000u\000s\000\040\000t\000o\000\040\000n\000e\000j\000a\000k\000\040\000s\000p\000u\000s\000t\000i\000t}{section.4.1}% 25
\BOOKMARK [2][]{subsection.4.1.2}{\376\377\000F\000A\000S\000T\000Q}{section.4.1}% 26
\BOOKMARK [2][]{subsection.4.1.3}{\376\377\000b\000o\000r\000d\000e\000l}{section.4.1}% 27
\BOOKMARK [1][]{section.4.2}{\376\377\000B\000o\000w\000t\000i\000e}{chapter.4}% 28
\BOOKMARK [2][]{subsection.4.2.1}{\376\377\000B\000u\000r\000r\000o\000w\000s\000-\000W\000h\000e\000e\000l\000e\000r\000\040\000t\000r\000a\000n\000s\000f\000o\000r\000m\000a\000c\000e}{section.4.2}% 29
\BOOKMARK [2][]{subsection.4.2.2}{\376\377\000B\000o\000w\000t\000i\000e\000\040\0002}{section.4.2}% 30
\BOOKMARK [2][]{subsection.4.2.3}{\376\377\000b\000o\000r\000d\000e\000l}{section.4.2}% 31
\BOOKMARK [1][]{section.4.3}{\376\377\000I\000G\000V}{chapter.4}% 32
\BOOKMARK [0][]{chapter.5}{\376\377\000I\000m\000p\000l\000e\000m\000e\000n\000t\000a\000c\000e}{}% 33
\BOOKMARK [1][]{section.5.1}{\376\377\000P\000o\000p\000i\000s\000\040\000p\000r\000o\000b\000l\000\351\000m\000u}{chapter.5}% 34
\BOOKMARK [1][]{section.5.2}{\376\377\000N\000\341\000v\000r\000h\000\040\000s\000y\000s\000t\000\351\000m\000u}{chapter.5}% 35
\BOOKMARK [1][]{section.5.3}{\376\377\000R\000e\000f\000e\000r\000e\000n\001\015\000n\000\355\000\040\000g\000e\000n\000y}{chapter.5}% 36
\BOOKMARK [1][]{section.5.4}{\376\377\000P\000o\000u\001\176\000i\000t\000\351\000\040\000p\000r\000o\000g\000r\000a\000m\000o\000v\000\351\000\040\000p\000r\000o\000s\000t\001\131\000e\000d\000k\000y}{chapter.5}% 37
\BOOKMARK [2][]{subsection.5.4.1}{\376\377\000P\000y\000t\000h\000o\000n}{section.5.4}% 38
\BOOKMARK [0][]{chapter.6}{\376\377\000V\000y\000h\000o\000d\000n\000o\000c\000e\000n\000\355\000\040\000v\000\375\000s\000l\000e\000d\000k\001\157\000\040\000a\000\040\000j\000e\000j\000i\000c\000h\000\040\000s\000r\000o\000v\000n\000\341\000n\000\355}{}% 39
\BOOKMARK [0][]{chapter.7}{\376\377\000Z\000\341\000v\001\033\000r}{}% 40
\BOOKMARK [0][]{chapter.8}{\376\377\000S\000e\000z\000n\000a\000m\000\040\000z\000k\000r\000a\000t\000e\000k}{}% 41
\BOOKMARK [0][]{chapter.9}{\376\377\000V\000\375\000k\000l\000a\000d\000o\000v\000\375\000\040\000s\000l\000o\000v\000n\000\355\000k\000\040\000p\000o\000j\000m\001\157}{}% 42
\BOOKMARK [0][]{chapter*.12}{\376\377\000L\000i\000t\000e\000r\000a\000t\000u\000r\000a}{}% 43
\BOOKMARK [0][]{appendix.A}{\376\377\000U\001\176\000i\000v\000a\000t\000e\000l\000s\000k\000\341\000\040\000d\000o\000k\000u\000m\000e\000n\000t\000a\000c\000e}{}% 44
\BOOKMARK [1][]{section.A.1}{\376\377\000N\000a\000s\000t\000a\000v\000e\000n\000\355\000\040\000A\000R\000T\000\040\000a\000\040\000j\000e\000h\000o\000\040\000s\000p\000u\001\141\000t\001\033\000n\000\355}{appendix.A}% 45
